<?xml version="1.0" encoding="UTF-8"?>
<testng-results skipped="0" failed="0" ignored="0" total="2" passed="2">
  <reporter-output>
  </reporter-output>
  <suite name="Default suite" duration-ms="253" started-at="2022-11-02T22:19:45 IST" finished-at="2022-11-02T22:19:45 IST">
    <groups>
    </groups>
    <test name="Default test" duration-ms="253" started-at="2022-11-02T22:19:45 IST" finished-at="2022-11-02T22:19:45 IST">
      <class name="com.RCB.TestCAse1">
        <test-method status="PASS" signature="NumOfWicketKeeper()[pri:0, instance:com.RCB.TestCAse1@12cdcf4]" name="NumOfWicketKeeper" duration-ms="162" started-at="2022-11-02T22:19:45 IST" finished-at="2022-11-02T22:19:45 IST">
          <reporter-output>
          </reporter-output>
        </test-method> <!-- NumOfWicketKeeper -->
        <test-method status="PASS" signature="testForForiegnPlayers()[pri:0, instance:com.RCB.TestCAse1@12cdcf4]" name="testForForiegnPlayers" duration-ms="7" started-at="2022-11-02T22:19:45 IST" finished-at="2022-11-02T22:19:45 IST">
          <reporter-output>
          </reporter-output>
        </test-method> <!-- testForForiegnPlayers -->
      </class> <!-- com.RCB.TestCAse1 -->
    </test> <!-- Default test -->
  </suite> <!-- Default suite -->
</testng-results>
